This file contains any messages produced by compilers while
running configure, to aid debugging if configure makes a mistake.

It was created by libdrm configure 2.4.89, which was
generated by GNU Autoconf 2.69.  Invocation command line was

  $ ./configure --prefix=/home/hcl/6_mp157_git/mp157/tool/libdrm-2.4.89/_install --host=arm-none-linux-gnueabihf

## --------- ##
## Platform. ##
## --------- ##

hostname = hcl-virtual-machine
uname -m = x86_64
uname -r = 5.4.0-91-generic
uname -s = Linux
uname -v = #102~18.04.1-Ubuntu SMP Thu Nov 11 14:46:36 UTC 2021

/usr/bin/uname -p = x86_64
/bin/uname -X     = unknown

/bin/arch              = unknown
/usr/bin/arch -k       = unknown
/usr/convex/getsysinfo = unknown
/usr/bin/hostinfo      = unknown
/bin/machine           = unknown
/usr/bin/oslevel       = unknown
/bin/universe          = unknown

PATH: /home/hcl/.local/bin
PATH: /usr/local/sbin
PATH: /usr/local/bin
PATH: /usr/sbin
PATH: /usr/bin
PATH: /sbin
PATH: /bin
PATH: /usr/games
PATH: /usr/local/games
PATH: /home/hcl/fs210_work/tool/arm-farsight/toolchain-4.5.1-farsight/bin
PATH: /home/hcl/mp157_work/tool/arm-none-linux-gnueabihf/gcc-arm-9.2-2019.12-x86_64-arm-none-linux-gnueabihf/bin
PATH: /snap/bin


## ----------- ##
## Core tests. ##
## ----------- ##

configure:2483: checking for arm-none-linux-gnueabihf-pkg-config
configure:2516: result: no
configure:2526: checking for pkg-config
configure:2544: found /usr/bin/pkg-config
configure:2556: result: /usr/bin/pkg-config
configure:2581: checking pkg-config is at least version 0.9.0
configure:2584: result: yes
configure:2623: checking for xsltproc
configure:2656: result: no
configure:2662: WARNING: xsltproc not found - cannot transform XML documents
configure:2736: checking build system type
configure:2750: result: x86_64-unknown-linux-gnu
configure:2770: checking host system type
configure:2783: result: arm-none-linux-gnueabihf
configure:2803: checking for a sed that does not truncate output
configure:2867: result: /usr/bin/sed
configure:2979: checking for a BSD-compatible install
configure:3047: result: /usr/bin/install -c
configure:3058: checking whether build environment is sane
configure:3113: result: yes
configure:3172: checking for arm-none-linux-gnueabihf-strip
configure:3188: found /home/hcl/mp157_work/tool/arm-none-linux-gnueabihf/gcc-arm-9.2-2019.12-x86_64-arm-none-linux-gnueabihf/bin/arm-none-linux-gnueabihf-strip
configure:3199: result: arm-none-linux-gnueabihf-strip
configure:3264: checking for a thread-safe mkdir -p
configure:3303: result: /usr/bin/mkdir -p
configure:3310: checking for gawk
configure:3340: result: no
configure:3310: checking for mawk
configure:3326: found /usr/bin/mawk
configure:3337: result: mawk
configure:3348: checking whether make sets $(MAKE)
configure:3370: result: yes
configure:3399: checking whether make supports nested variables
configure:3416: result: yes
configure:3555: checking whether make supports nested variables
configure:3572: result: yes
configure:3593: checking for arm-none-linux-gnueabihf-gcc
configure:3609: found /home/hcl/mp157_work/tool/arm-none-linux-gnueabihf/gcc-arm-9.2-2019.12-x86_64-arm-none-linux-gnueabihf/bin/arm-none-linux-gnueabihf-gcc
configure:3620: result: arm-none-linux-gnueabihf-gcc
configure:3889: checking for C compiler version
configure:3898: arm-none-linux-gnueabihf-gcc --version >&5
arm-none-linux-gnueabihf-gcc (GNU Toolchain for the A-profile Architecture 9.2-2019.12 (arm-9.10)) 9.2.1 20191025
Copyright (C) 2019 Free Software Foundation, Inc.
This is free software; see the source for copying conditions.  There is NO
warranty; not even for MERCHANTABILITY or FITNESS FOR A PARTICULAR PURPOSE.

configure:3909: $? = 0
configure:3898: arm-none-linux-gnueabihf-gcc -v >&5
Using built-in specs.
COLLECT_GCC=arm-none-linux-gnueabihf-gcc
COLLECT_LTO_WRAPPER=/home/hcl/mp157_work/tool/arm-none-linux-gnueabihf/gcc-arm-9.2-2019.12-x86_64-arm-none-linux-gnueabihf/bin/../libexec/gcc/arm-none-linux-gnueabihf/9.2.1/lto-wrapper
Target: arm-none-linux-gnueabihf
Configured with: /tmp/dgboter/bbs/rhev-vm7--rhe6x86_64/buildbot/rhe6x86_64--arm-none-linux-gnueabihf/build/src/gcc/configure --target=arm-none-linux-gnueabihf --prefix= --with-sysroot=/arm-none-linux-gnueabihf/libc --with-build-sysroot=/tmp/dgboter/bbs/rhev-vm7--rhe6x86_64/buildbot/rhe6x86_64--arm-none-linux-gnueabihf/build/build-arm-none-linux-gnueabihf/install//arm-none-linux-gnueabihf/libc --with-bugurl=https://bugs.linaro.org/ --enable-gnu-indirect-function --enable-shared --disable-libssp --disable-libmudflap --enable-checking=release --enable-languages=c,c++,fortran --with-gmp=/tmp/dgboter/bbs/rhev-vm7--rhe6x86_64/buildbot/rhe6x86_64--arm-none-linux-gnueabihf/build/build-arm-none-linux-gnueabihf/host-tools --with-mpfr=/tmp/dgboter/bbs/rhev-vm7--rhe6x86_64/buildbot/rhe6x86_64--arm-none-linux-gnueabihf/build/build-arm-none-linux-gnueabihf/host-tools --with-mpc=/tmp/dgboter/bbs/rhev-vm7--rhe6x86_64/buildbot/rhe6x86_64--arm-none-linux-gnueabihf/build/build-arm-none-linux-gnueabihf/host-tools --with-isl=/tmp/dgboter/bbs/rhev-vm7--rhe6x86_64/buildbot/rhe6x86_64--arm-none-linux-gnueabihf/build/build-arm-none-linux-gnueabihf/host-tools --with-arch=armv7-a --with-fpu=neon --with-float=hard --with-mode=thumb --with-arch=armv7-a --with-pkgversion='GNU Toolchain for the A-profile Architecture 9.2-2019.12 (arm-9.10)'
Thread model: posix
gcc version 9.2.1 20191025 (GNU Toolchain for the A-profile Architecture 9.2-2019.12 (arm-9.10)) 
configure:3909: $? = 0
configure:3898: arm-none-linux-gnueabihf-gcc -V >&5
arm-none-linux-gnueabihf-gcc: error: unrecognized command line option '-V'
arm-none-linux-gnueabihf-gcc: fatal error: no input files
compilation terminated.
configure:3909: $? = 1
configure:3898: arm-none-linux-gnueabihf-gcc -qversion >&5
arm-none-linux-gnueabihf-gcc: error: unrecognized command line option '-qversion'; did you mean '--version'?
arm-none-linux-gnueabihf-gcc: fatal error: no input files
compilation terminated.
configure:3909: $? = 1
configure:3929: checking whether the C compiler works
configure:3951: arm-none-linux-gnueabihf-gcc    conftest.c  >&5
configure:3955: $? = 0
configure:4003: result: yes
configure:4006: checking for C compiler default output file name
configure:4008: result: a.out
configure:4014: checking for suffix of executables
configure:4021: arm-none-linux-gnueabihf-gcc -o conftest    conftest.c  >&5
configure:4025: $? = 0
configure:4047: result: 
configure:4069: checking whether we are cross compiling
configure:4077: arm-none-linux-gnueabihf-gcc -o conftest    conftest.c  >&5
configure:4081: $? = 0
configure:4088: ./conftest
./configure: line 4090: ./conftest: cannot execute binary file: Exec format error
configure:4092: $? = 126
configure:4107: result: yes
configure:4112: checking for suffix of object files
configure:4134: arm-none-linux-gnueabihf-gcc -c   conftest.c >&5
configure:4138: $? = 0
configure:4159: result: o
configure:4163: checking whether we are using the GNU C compiler
configure:4182: arm-none-linux-gnueabihf-gcc -c   conftest.c >&5
configure:4182: $? = 0
configure:4191: result: yes
configure:4200: checking whether arm-none-linux-gnueabihf-gcc accepts -g
configure:4220: arm-none-linux-gnueabihf-gcc -c -g  conftest.c >&5
configure:4220: $? = 0
configure:4261: result: yes
configure:4278: checking for arm-none-linux-gnueabihf-gcc option to accept ISO C89
configure:4341: arm-none-linux-gnueabihf-gcc  -c -g -O2  conftest.c >&5
configure:4341: $? = 0
configure:4354: result: none needed
configure:4379: checking whether arm-none-linux-gnueabihf-gcc understands -c and -o together
configure:4401: arm-none-linux-gnueabihf-gcc -c conftest.c -o conftest2.o
configure:4404: $? = 0
configure:4401: arm-none-linux-gnueabihf-gcc -c conftest.c -o conftest2.o
configure:4404: $? = 0
configure:4416: result: yes
configure:4444: checking for style of include used by make
configure:4472: result: GNU
configure:4498: checking dependency style of arm-none-linux-gnueabihf-gcc
configure:4609: result: gcc3
configure:4624: checking for arm-none-linux-gnueabihf-gcc option to accept ISO C99
configure:4773: arm-none-linux-gnueabihf-gcc  -c -g -O2  conftest.c >&5
configure:4773: $? = 0
configure:4786: result: none needed
configure:4812: checking how to run the C preprocessor
configure:4843: arm-none-linux-gnueabihf-gcc -E  conftest.c
configure:4843: $? = 0
configure:4857: arm-none-linux-gnueabihf-gcc -E  conftest.c
conftest.c:11:10: fatal error: ac_nonexistent.h: No such file or directory
   11 | #include <ac_nonexistent.h>
      |          ^~~~~~~~~~~~~~~~~~
compilation terminated.
configure:4857: $? = 1
configure: failed program was:
| /* confdefs.h */
| #define PACKAGE_NAME "libdrm"
| #define PACKAGE_TARNAME "libdrm"
| #define PACKAGE_VERSION "2.4.89"
| #define PACKAGE_STRING "libdrm 2.4.89"
| #define PACKAGE_BUGREPORT "https://bugs.freedesktop.org/enter_bug.cgi?product=DRI"
| #define PACKAGE_URL ""
| #define PACKAGE "libdrm"
| #define VERSION "2.4.89"
| /* end confdefs.h.  */
| #include <ac_nonexistent.h>
configure:4882: result: arm-none-linux-gnueabihf-gcc -E
configure:4902: arm-none-linux-gnueabihf-gcc -E  conftest.c
configure:4902: $? = 0
configure:4916: arm-none-linux-gnueabihf-gcc -E  conftest.c
conftest.c:11:10: fatal error: ac_nonexistent.h: No such file or directory
   11 | #include <ac_nonexistent.h>
      |          ^~~~~~~~~~~~~~~~~~
compilation terminated.
configure:4916: $? = 1
configure: failed program was:
| /* confdefs.h */
| #define PACKAGE_NAME "libdrm"
| #define PACKAGE_TARNAME "libdrm"
| #define PACKAGE_VERSION "2.4.89"
| #define PACKAGE_STRING "libdrm 2.4.89"
| #define PACKAGE_BUGREPORT "https://bugs.freedesktop.org/enter_bug.cgi?product=DRI"
| #define PACKAGE_URL ""
| #define PACKAGE "libdrm"
| #define VERSION "2.4.89"
| /* end confdefs.h.  */
| #include <ac_nonexistent.h>
configure:4945: checking for grep that handles long lines and -e
configure:5003: result: /usr/bin/grep
configure:5008: checking for egrep
configure:5070: result: /usr/bin/grep -E
configure:5075: checking for ANSI C header files
configure:5095: arm-none-linux-gnueabihf-gcc -c -g -O2  conftest.c >&5
configure:5095: $? = 0
configure:5179: result: yes
configure:5192: checking for sys/types.h
configure:5192: arm-none-linux-gnueabihf-gcc -c -g -O2  conftest.c >&5
configure:5192: $? = 0
configure:5192: result: yes
configure:5192: checking for sys/stat.h
configure:5192: arm-none-linux-gnueabihf-gcc -c -g -O2  conftest.c >&5
configure:5192: $? = 0
configure:5192: result: yes
configure:5192: checking for stdlib.h
configure:5192: arm-none-linux-gnueabihf-gcc -c -g -O2  conftest.c >&5
configure:5192: $? = 0
configure:5192: result: yes
configure:5192: checking for string.h
configure:5192: arm-none-linux-gnueabihf-gcc -c -g -O2  conftest.c >&5
configure:5192: $? = 0
configure:5192: result: yes
configure:5192: checking for memory.h
configure:5192: arm-none-linux-gnueabihf-gcc -c -g -O2  conftest.c >&5
configure:5192: $? = 0
configure:5192: result: yes
configure:5192: checking for strings.h
configure:5192: arm-none-linux-gnueabihf-gcc -c -g -O2  conftest.c >&5
configure:5192: $? = 0
configure:5192: result: yes
configure:5192: checking for inttypes.h
configure:5192: arm-none-linux-gnueabihf-gcc -c -g -O2  conftest.c >&5
configure:5192: $? = 0
configure:5192: result: yes
configure:5192: checking for stdint.h
configure:5192: arm-none-linux-gnueabihf-gcc -c -g -O2  conftest.c >&5
configure:5192: $? = 0
configure:5192: result: yes
configure:5192: checking for unistd.h
configure:5192: arm-none-linux-gnueabihf-gcc -c -g -O2  conftest.c >&5
configure:5192: $? = 0
configure:5192: result: yes
configure:5205: checking minix/config.h usability
configure:5205: arm-none-linux-gnueabihf-gcc -c -g -O2  conftest.c >&5
conftest.c:54:10: fatal error: minix/config.h: No such file or directory
   54 | #include <minix/config.h>
      |          ^~~~~~~~~~~~~~~~
compilation terminated.
configure:5205: $? = 1
configure: failed program was:
| /* confdefs.h */
| #define PACKAGE_NAME "libdrm"
| #define PACKAGE_TARNAME "libdrm"
| #define PACKAGE_VERSION "2.4.89"
| #define PACKAGE_STRING "libdrm 2.4.89"
| #define PACKAGE_BUGREPORT "https://bugs.freedesktop.org/enter_bug.cgi?product=DRI"
| #define PACKAGE_URL ""
| #define PACKAGE "libdrm"
| #define VERSION "2.4.89"
| #define STDC_HEADERS 1
| #define HAVE_SYS_TYPES_H 1
| #define HAVE_SYS_STAT_H 1
| #define HAVE_STDLIB_H 1
| #define HAVE_STRING_H 1
| #define HAVE_MEMORY_H 1
| #define HAVE_STRINGS_H 1
| #define HAVE_INTTYPES_H 1
| #define HAVE_STDINT_H 1
| #define HAVE_UNISTD_H 1
| /* end confdefs.h.  */
| #include <stdio.h>
| #ifdef HAVE_SYS_TYPES_H
| # include <sys/types.h>
| #endif
| #ifdef HAVE_SYS_STAT_H
| # include <sys/stat.h>
| #endif
| #ifdef STDC_HEADERS
| # include <stdlib.h>
| # include <stddef.h>
| #else
| # ifdef HAVE_STDLIB_H
| #  include <stdlib.h>
| # endif
| #endif
| #ifdef HAVE_STRING_H
| # if !defined STDC_HEADERS && defined HAVE_MEMORY_H
| #  include <memory.h>
| # endif
| # include <string.h>
| #endif
| #ifdef HAVE_STRINGS_H
| # include <strings.h>
| #endif
| #ifdef HAVE_INTTYPES_H
| # include <inttypes.h>
| #endif
| #ifdef HAVE_STDINT_H
| # include <stdint.h>
| #endif
| #ifdef HAVE_UNISTD_H
| # include <unistd.h>
| #endif
| #include <minix/config.h>
configure:5205: result: no
configure:5205: checking minix/config.h presence
configure:5205: arm-none-linux-gnueabihf-gcc -E  conftest.c
conftest.c:21:10: fatal error: minix/config.h: No such file or directory
   21 | #include <minix/config.h>
      |          ^~~~~~~~~~~~~~~~
compilation terminated.
configure:5205: $? = 1
configure: failed program was:
| /* confdefs.h */
| #define PACKAGE_NAME "libdrm"
| #define PACKAGE_TARNAME "libdrm"
| #define PACKAGE_VERSION "2.4.89"
| #define PACKAGE_STRING "libdrm 2.4.89"
| #define PACKAGE_BUGREPORT "https://bugs.freedesktop.org/enter_bug.cgi?product=DRI"
| #define PACKAGE_URL ""
| #define PACKAGE "libdrm"
| #define VERSION "2.4.89"
| #define STDC_HEADERS 1
| #define HAVE_SYS_TYPES_H 1
| #define HAVE_SYS_STAT_H 1
| #define HAVE_STDLIB_H 1
| #define HAVE_STRING_H 1
| #define HAVE_MEMORY_H 1
| #define HAVE_STRINGS_H 1
| #define HAVE_INTTYPES_H 1
| #define HAVE_STDINT_H 1
| #define HAVE_UNISTD_H 1
| /* end confdefs.h.  */
| #include <minix/config.h>
configure:5205: result: no
configure:5205: checking for minix/config.h
configure:5205: result: no
configure:5226: checking whether it is safe to define __EXTENSIONS__
configure:5244: arm-none-linux-gnueabihf-gcc -c -g -O2  conftest.c >&5
configure:5244: $? = 0
configure:5251: result: yes
configure:5272: checking for special C compiler options needed for large files
configure:5317: result: no
configure:5323: checking for _FILE_OFFSET_BITS value needed for large files
configure:5348: arm-none-linux-gnueabihf-gcc -c -g -O2  conftest.c >&5
conftest.c:31:33: warning: left shift count >= width of type [-Wshift-count-overflow]
   31 | #define LARGE_OFF_T (((off_t) 1 << 62) - 1 + ((off_t) 1 << 62))
      |                                 ^~
conftest.c:32:23: note: in expansion of macro 'LARGE_OFF_T'
   32 |   int off_t_is_large[(LARGE_OFF_T % 2147483629 == 721
      |                       ^~~~~~~~~~~
conftest.c:31:57: warning: left shift count >= width of type [-Wshift-count-overflow]
   31 | #define LARGE_OFF_T (((off_t) 1 << 62) - 1 + ((off_t) 1 << 62))
      |                                                         ^~
conftest.c:32:23: note: in expansion of macro 'LARGE_OFF_T'
   32 |   int off_t_is_large[(LARGE_OFF_T % 2147483629 == 721
      |                       ^~~~~~~~~~~
conftest.c:31:33: warning: left shift count >= width of type [-Wshift-count-overflow]
   31 | #define LARGE_OFF_T (((off_t) 1 << 62) - 1 + ((off_t) 1 << 62))
      |                                 ^~
conftest.c:33:13: note: in expansion of macro 'LARGE_OFF_T'
   33 |          && LARGE_OFF_T % 2147483647 == 1)
      |             ^~~~~~~~~~~
conftest.c:31:57: warning: left shift count >= width of type [-Wshift-count-overflow]
   31 | #define LARGE_OFF_T (((off_t) 1 << 62) - 1 + ((off_t) 1 << 62))
      |                                                         ^~
conftest.c:33:13: note: in expansion of macro 'LARGE_OFF_T'
   33 |          && LARGE_OFF_T % 2147483647 == 1)
      |             ^~~~~~~~~~~
conftest.c:32:7: error: variably modified 'off_t_is_large' at file scope
   32 |   int off_t_is_large[(LARGE_OFF_T % 2147483629 == 721
      |       ^~~~~~~~~~~~~~
configure:5348: $? = 1
configure: failed program was:
| /* confdefs.h */
| #define PACKAGE_NAME "libdrm"
| #define PACKAGE_TARNAME "libdrm"
| #define PACKAGE_VERSION "2.4.89"
| #define PACKAGE_STRING "libdrm 2.4.89"
| #define PACKAGE_BUGREPORT "https://bugs.freedesktop.org/enter_bug.cgi?product=DRI"
| #define PACKAGE_URL ""
| #define PACKAGE "libdrm"
| #define VERSION "2.4.89"
| #define STDC_HEADERS 1
| #define HAVE_SYS_TYPES_H 1
| #define HAVE_SYS_STAT_H 1
| #define HAVE_STDLIB_H 1
| #define HAVE_STRING_H 1
| #define HAVE_MEMORY_H 1
| #define HAVE_STRINGS_H 1
| #define HAVE_INTTYPES_H 1
| #define HAVE_STDINT_H 1
| #define HAVE_UNISTD_H 1
| #define __EXTENSIONS__ 1
| #define _ALL_SOURCE 1
| #define _GNU_SOURCE 1
| #define _POSIX_PTHREAD_SEMANTICS 1
| #define _TANDEM_SOURCE 1
| /* end confdefs.h.  */
| #include <sys/types.h>
|  /* Check that off_t can represent 2**63 - 1 correctly.
|     We can't simply define LARGE_OFF_T to be 9223372036854775807,
|     since some C++ compilers masquerading as C compilers
|     incorrectly reject 9223372036854775807.  */
| #define LARGE_OFF_T (((off_t) 1 << 62) - 1 + ((off_t) 1 << 62))
|   int off_t_is_large[(LARGE_OFF_T % 2147483629 == 721
| 		       && LARGE_OFF_T % 2147483647 == 1)
| 		      ? 1 : -1];
| int
| main ()
| {
| 
|   ;
|   return 0;
| }
configure:5372: arm-none-linux-gnueabihf-gcc -c -g -O2  conftest.c >&5
configure:5372: $? = 0
configure:5380: result: 64
configure:5465: checking for size_t
configure:5465: arm-none-linux-gnueabihf-gcc -c -g -O2  conftest.c >&5
configure:5465: $? = 0
configure:5465: arm-none-linux-gnueabihf-gcc -c -g -O2  conftest.c >&5
conftest.c: In function 'main':
conftest.c:63:21: error: expected expression before ')' token
   63 | if (sizeof ((size_t)))
      |                     ^
configure:5465: $? = 1
configure: failed program was:
| /* confdefs.h */
| #define PACKAGE_NAME "libdrm"
| #define PACKAGE_TARNAME "libdrm"
| #define PACKAGE_VERSION "2.4.89"
| #define PACKAGE_STRING "libdrm 2.4.89"
| #define PACKAGE_BUGREPORT "https://bugs.freedesktop.org/enter_bug.cgi?product=DRI"
| #define PACKAGE_URL ""
| #define PACKAGE "libdrm"
| #define VERSION "2.4.89"
| #define STDC_HEADERS 1
| #define HAVE_SYS_TYPES_H 1
| #define HAVE_SYS_STAT_H 1
| #define HAVE_STDLIB_H 1
| #define HAVE_STRING_H 1
| #define HAVE_MEMORY_H 1
| #define HAVE_STRINGS_H 1
| #define HAVE_INTTYPES_H 1
| #define HAVE_STDINT_H 1
| #define HAVE_UNISTD_H 1
| #define __EXTENSIONS__ 1
| #define _ALL_SOURCE 1
| #define _GNU_SOURCE 1
| #define _POSIX_PTHREAD_SEMANTICS 1
| #define _TANDEM_SOURCE 1
| #define _FILE_OFFSET_BITS 64
| /* end confdefs.h.  */
| #include <stdio.h>
| #ifdef HAVE_SYS_TYPES_H
| # include <sys/types.h>
| #endif
| #ifdef HAVE_SYS_STAT_H
| # include <sys/stat.h>
| #endif
| #ifdef STDC_HEADERS
| # include <stdlib.h>
| # include <stddef.h>
| #else
| # ifdef HAVE_STDLIB_H
| #  include <stdlib.h>
| # endif
| #endif
| #ifdef HAVE_STRING_H
| # if !defined STDC_HEADERS && defined HAVE_MEMORY_H
| #  include <memory.h>
| # endif
| # include <string.h>
| #endif
| #ifdef HAVE_STRINGS_H
| # include <strings.h>
| #endif
| #ifdef HAVE_INTTYPES_H
| # include <inttypes.h>
| #endif
| #ifdef HAVE_STDINT_H
| # include <stdint.h>
| #endif
| #ifdef HAVE_UNISTD_H
| # include <unistd.h>
| #endif
| int
| main ()
| {
| if (sizeof ((size_t)))
| 	    return 0;
|   ;
|   return 0;
| }
configure:5465: result: yes
configure:5478: checking for working alloca.h
configure:5495: arm-none-linux-gnueabihf-gcc -o conftest -g -O2   conftest.c  >&5
configure:5495: $? = 0
configure:5503: result: yes
configure:5511: checking for alloca
configure:5548: arm-none-linux-gnueabihf-gcc -o conftest -g -O2   conftest.c  >&5
configure:5548: $? = 0
configure:5556: result: yes
configure:5665: checking whether sys/types.h defines makedev
configure:5681: arm-none-linux-gnueabihf-gcc -o conftest -g -O2 -Werror   conftest.c  >&5
conftest.c: In function 'main':
conftest.c:33:8: error: implicit declaration of function 'makedev' [-Werror=implicit-function-declaration]
   33 | return makedev(0, 0);
      |        ^~~~~~~
cc1: all warnings being treated as errors
configure:5681: $? = 1
configure: failed program was:
| /* confdefs.h */
| #define PACKAGE_NAME "libdrm"
| #define PACKAGE_TARNAME "libdrm"
| #define PACKAGE_VERSION "2.4.89"
| #define PACKAGE_STRING "libdrm 2.4.89"
| #define PACKAGE_BUGREPORT "https://bugs.freedesktop.org/enter_bug.cgi?product=DRI"
| #define PACKAGE_URL ""
| #define PACKAGE "libdrm"
| #define VERSION "2.4.89"
| #define STDC_HEADERS 1
| #define HAVE_SYS_TYPES_H 1
| #define HAVE_SYS_STAT_H 1
| #define HAVE_STDLIB_H 1
| #define HAVE_STRING_H 1
| #define HAVE_MEMORY_H 1
| #define HAVE_STRINGS_H 1
| #define HAVE_INTTYPES_H 1
| #define HAVE_STDINT_H 1
| #define HAVE_UNISTD_H 1
| #define __EXTENSIONS__ 1
| #define _ALL_SOURCE 1
| #define _GNU_SOURCE 1
| #define _POSIX_PTHREAD_SEMANTICS 1
| #define _TANDEM_SOURCE 1
| #define _FILE_OFFSET_BITS 64
| #define HAVE_ALLOCA_H 1
| #define HAVE_ALLOCA 1
| /* end confdefs.h.  */
| #include <sys/types.h>
| int
| main ()
| {
| return makedev(0, 0);
|   ;
|   return 0;
| }
configure:5690: result: no
configure:5694: checking sys/mkdev.h usability
configure:5694: arm-none-linux-gnueabihf-gcc -c -g -O2 -Werror  conftest.c >&5
conftest.c:62:10: fatal error: sys/mkdev.h: No such file or directory
   62 | #include <sys/mkdev.h>
      |          ^~~~~~~~~~~~~
compilation terminated.
configure:5694: $? = 1
configure: failed program was:
| /* confdefs.h */
| #define PACKAGE_NAME "libdrm"
| #define PACKAGE_TARNAME "libdrm"
| #define PACKAGE_VERSION "2.4.89"
| #define PACKAGE_STRING "libdrm 2.4.89"
| #define PACKAGE_BUGREPORT "https://bugs.freedesktop.org/enter_bug.cgi?product=DRI"
| #define PACKAGE_URL ""
| #define PACKAGE "libdrm"
| #define VERSION "2.4.89"
| #define STDC_HEADERS 1
| #define HAVE_SYS_TYPES_H 1
| #define HAVE_SYS_STAT_H 1
| #define HAVE_STDLIB_H 1
| #define HAVE_STRING_H 1
| #define HAVE_MEMORY_H 1
| #define HAVE_STRINGS_H 1
| #define HAVE_INTTYPES_H 1
| #define HAVE_STDINT_H 1
| #define HAVE_UNISTD_H 1
| #define __EXTENSIONS__ 1
| #define _ALL_SOURCE 1
| #define _GNU_SOURCE 1
| #define _POSIX_PTHREAD_SEMANTICS 1
| #define _TANDEM_SOURCE 1
| #define _FILE_OFFSET_BITS 64
| #define HAVE_ALLOCA_H 1
| #define HAVE_ALLOCA 1
| /* end confdefs.h.  */
| #include <stdio.h>
| #ifdef HAVE_SYS_TYPES_H
| # include <sys/types.h>
| #endif
| #ifdef HAVE_SYS_STAT_H
| # include <sys/stat.h>
| #endif
| #ifdef STDC_HEADERS
| # include <stdlib.h>
| # include <stddef.h>
| #else
| # ifdef HAVE_STDLIB_H
| #  include <stdlib.h>
| # endif
| #endif
| #ifdef HAVE_STRING_H
| # if !defined STDC_HEADERS && defined HAVE_MEMORY_H
| #  include <memory.h>
| # endif
| # include <string.h>
| #endif
| #ifdef HAVE_STRINGS_H
| # include <strings.h>
| #endif
| #ifdef HAVE_INTTYPES_H
| # include <inttypes.h>
| #endif
| #ifdef HAVE_STDINT_H
| # include <stdint.h>
| #endif
| #ifdef HAVE_UNISTD_H
| # include <unistd.h>
| #endif
| #include <sys/mkdev.h>
configure:5694: result: no
configure:5694: checking sys/mkdev.h presence
configure:5694: arm-none-linux-gnueabihf-gcc -E  conftest.c
conftest.c:29:10: fatal error: sys/mkdev.h: No such file or directory
   29 | #include <sys/mkdev.h>
      |          ^~~~~~~~~~~~~
compilation terminated.
configure:5694: $? = 1
configure: failed program was:
| /* confdefs.h */
| #define PACKAGE_NAME "libdrm"
| #define PACKAGE_TARNAME "libdrm"
| #define PACKAGE_VERSION "2.4.89"
| #define PACKAGE_STRING "libdrm 2.4.89"
| #define PACKAGE_BUGREPORT "https://bugs.freedesktop.org/enter_bug.cgi?product=DRI"
| #define PACKAGE_URL ""
| #define PACKAGE "libdrm"
| #define VERSION "2.4.89"
| #define STDC_HEADERS 1
| #define HAVE_SYS_TYPES_H 1
| #define HAVE_SYS_STAT_H 1
| #define HAVE_STDLIB_H 1
| #define HAVE_STRING_H 1
| #define HAVE_MEMORY_H 1
| #define HAVE_STRINGS_H 1
| #define HAVE_INTTYPES_H 1
| #define HAVE_STDINT_H 1
| #define HAVE_UNISTD_H 1
| #define __EXTENSIONS__ 1
| #define _ALL_SOURCE 1
| #define _GNU_SOURCE 1
| #define _POSIX_PTHREAD_SEMANTICS 1
| #define _TANDEM_SOURCE 1
| #define _FILE_OFFSET_BITS 64
| #define HAVE_ALLOCA_H 1
| #define HAVE_ALLOCA 1
| /* end confdefs.h.  */
| #include <sys/mkdev.h>
configure:5694: result: no
configure:5694: checking for sys/mkdev.h
configure:5694: result: no
configure:5704: checking sys/sysmacros.h usability
configure:5704: arm-none-linux-gnueabihf-gcc -c -g -O2 -Werror  conftest.c >&5
configure:5704: $? = 0
configure:5704: result: yes
configure:5704: checking sys/sysmacros.h presence
configure:5704: arm-none-linux-gnueabihf-gcc -E  conftest.c
configure:5704: $? = 0
configure:5704: result: yes
configure:5704: checking for sys/sysmacros.h
configure:5704: result: yes
configure:5720: checking sys/sysctl.h usability
configure:5720: arm-none-linux-gnueabihf-gcc -c -g -O2  conftest.c >&5
In file included from conftest.c:63:
/home/hcl/mp157_work/tool/arm-none-linux-gnueabihf/gcc-arm-9.2-2019.12-x86_64-arm-none-linux-gnueabihf/arm-none-linux-gnueabihf/libc/usr/include/sys/sysctl.h:21:2: warning: #warning "The <sys/sysctl.h> header is deprecated and will be removed." [-Wcpp]
   21 | #warning "The <sys/sysctl.h> header is deprecated and will be removed."
      |  ^~~~~~~
configure:5720: $? = 0
configure:5720: result: yes
configure:5720: checking sys/sysctl.h presence
configure:5720: arm-none-linux-gnueabihf-gcc -E  conftest.c
In file included from conftest.c:30:
/home/hcl/mp157_work/tool/arm-none-linux-gnueabihf/gcc-arm-9.2-2019.12-x86_64-arm-none-linux-gnueabihf/arm-none-linux-gnueabihf/libc/usr/include/sys/sysctl.h:21:2: warning: #warning "The <sys/sysctl.h> header is deprecated and will be removed." [-Wcpp]
   21 | #warning "The <sys/sysctl.h> header is deprecated and will be removed."
      |  ^~~~~~~
configure:5720: $? = 0
configure:5720: result: yes
configure:5720: checking for sys/sysctl.h
configure:5720: result: yes
configure:5720: checking sys/select.h usability
configure:5720: arm-none-linux-gnueabihf-gcc -c -g -O2  conftest.c >&5
configure:5720: $? = 0
configure:5720: result: yes
configure:5720: checking sys/select.h presence
configure:5720: arm-none-linux-gnueabihf-gcc -E  conftest.c
configure:5720: $? = 0
configure:5720: result: yes
configure:5720: checking for sys/select.h
configure:5720: result: yes
configure:5779: checking how to print strings
configure:5806: result: printf
configure:5827: checking for a sed that does not truncate output
configure:5891: result: /usr/bin/sed
configure:5909: checking for fgrep
configure:5971: result: /usr/bin/grep -F
configure:6006: checking for ld used by arm-none-linux-gnueabihf-gcc
configure:6073: result: /home/hcl/mp157_work/tool/arm-none-linux-gnueabihf/gcc-arm-9.2-2019.12-x86_64-arm-none-linux-gnueabihf/arm-none-linux-gnueabihf/bin/ld
configure:6080: checking if the linker (/home/hcl/mp157_work/tool/arm-none-linux-gnueabihf/gcc-arm-9.2-2019.12-x86_64-arm-none-linux-gnueabihf/arm-none-linux-gnueabihf/bin/ld) is GNU ld
configure:6095: result: yes
configure:6107: checking for BSD- or MS-compatible name lister (nm)
configure:6161: result: /home/hcl/mp157_work/tool/arm-none-linux-gnueabihf/gcc-arm-9.2-2019.12-x86_64-arm-none-linux-gnueabihf/bin/arm-none-linux-gnueabihf-nm -B
configure:6291: checking the name lister (/home/hcl/mp157_work/tool/arm-none-linux-gnueabihf/gcc-arm-9.2-2019.12-x86_64-arm-none-linux-gnueabihf/bin/arm-none-linux-gnueabihf-nm -B) interface
configure:6298: arm-none-linux-gnueabihf-gcc -c -g -O2  conftest.c >&5
configure:6301: /home/hcl/mp157_work/tool/arm-none-linux-gnueabihf/gcc-arm-9.2-2019.12-x86_64-arm-none-linux-gnueabihf/bin/arm-none-linux-gnueabihf-nm -B "conftest.o"
configure:6304: output
00000000 B some_variable
configure:6311: result: BSD nm
configure:6314: checking whether ln -s works
configure:6318: result: yes
configure:6326: checking the maximum length of command line arguments
configure:6457: result: 1572864
configure:6505: checking how to convert x86_64-unknown-linux-gnu file names to arm-none-linux-gnueabihf format
configure:6545: result: func_convert_file_noop
configure:6552: checking how to convert x86_64-unknown-linux-gnu file names to toolchain format
configure:6572: result: func_convert_file_noop
configure:6579: checking for /home/hcl/mp157_work/tool/arm-none-linux-gnueabihf/gcc-arm-9.2-2019.12-x86_64-arm-none-linux-gnueabihf/arm-none-linux-gnueabihf/bin/ld option to reload object files
configure:6586: result: -r
configure:6620: checking for arm-none-linux-gnueabihf-objdump
configure:6636: found /home/hcl/mp157_work/tool/arm-none-linux-gnueabihf/gcc-arm-9.2-2019.12-x86_64-arm-none-linux-gnueabihf/bin/arm-none-linux-gnueabihf-objdump
configure:6647: result: arm-none-linux-gnueabihf-objdump
configure:6719: checking how to recognize dependent libraries
configure:6919: result: pass_all
configure:6964: checking for arm-none-linux-gnueabihf-dlltool
configure:6994: result: no
configure:7004: checking for dlltool
configure:7034: result: no
configure:7064: checking how to associate runtime and link libraries
configure:7091: result: printf %s\n
configure:7107: checking for arm-none-linux-gnueabihf-ar
configure:7123: found /home/hcl/mp157_work/tool/arm-none-linux-gnueabihf/gcc-arm-9.2-2019.12-x86_64-arm-none-linux-gnueabihf/bin/arm-none-linux-gnueabihf-ar
configure:7134: result: arm-none-linux-gnueabihf-ar
configure:7215: checking for archiver @FILE support
configure:7232: arm-none-linux-gnueabihf-gcc -c -g -O2  conftest.c >&5
configure:7232: $? = 0
configure:7235: arm-none-linux-gnueabihf-ar cru libconftest.a @conftest.lst >&5
configure:7238: $? = 0
configure:7243: arm-none-linux-gnueabihf-ar cru libconftest.a @conftest.lst >&5
arm-none-linux-gnueabihf-ar: conftest.o: No such file or directory
configure:7246: $? = 1
configure:7258: result: @
configure:7276: checking for arm-none-linux-gnueabihf-strip
configure:7303: result: arm-none-linux-gnueabihf-strip
configure:7375: checking for arm-none-linux-gnueabihf-ranlib
configure:7391: found /home/hcl/mp157_work/tool/arm-none-linux-gnueabihf/gcc-arm-9.2-2019.12-x86_64-arm-none-linux-gnueabihf/bin/arm-none-linux-gnueabihf-ranlib
configure:7402: result: arm-none-linux-gnueabihf-ranlib
configure:7544: checking command to parse /home/hcl/mp157_work/tool/arm-none-linux-gnueabihf/gcc-arm-9.2-2019.12-x86_64-arm-none-linux-gnueabihf/bin/arm-none-linux-gnueabihf-nm -B output from arm-none-linux-gnueabihf-gcc object
configure:7697: arm-none-linux-gnueabihf-gcc -c -g -O2  conftest.c >&5
configure:7700: $? = 0
configure:7704: /home/hcl/mp157_work/tool/arm-none-linux-gnueabihf/gcc-arm-9.2-2019.12-x86_64-arm-none-linux-gnueabihf/bin/arm-none-linux-gnueabihf-nm -B conftest.o \| sed -n -e 's/^.*[ ]\([ABCDGIRSTW][ABCDGIRSTW]*\)[ ][ ]*\([_A-Za-z][_A-Za-z0-9]*\)$/\1 \2 \2/p' | sed '/ __gnu_lto/d' \> conftest.nm
configure:7707: $? = 0
configure:7773: arm-none-linux-gnueabihf-gcc -o conftest -g -O2   conftest.c conftstm.o >&5
configure:7776: $? = 0
configure:7814: result: ok
configure:7861: checking for sysroot
configure:7891: result: no
configure:7898: checking for a working dd
configure:7936: result: /usr/bin/dd
configure:7940: checking how to truncate binary pipes
configure:7955: result: /usr/bin/dd bs=4096 count=1
configure:8244: checking for arm-none-linux-gnueabihf-mt
configure:8274: result: no
configure:8284: checking for mt
configure:8300: found /usr/bin/mt
configure:8311: result: mt
configure:8323: WARNING: using cross tools not prefixed with host triplet
configure:8334: checking if mt is a manifest tool
configure:8340: mt '-?'
configure:8348: result: no
configure:9022: checking for dlfcn.h
configure:9022: arm-none-linux-gnueabihf-gcc -c -g -O2  conftest.c >&5
configure:9022: $? = 0
configure:9022: result: yes
configure:9277: checking for objdir
configure:9292: result: .libs
configure:9556: checking if arm-none-linux-gnueabihf-gcc supports -fno-rtti -fno-exceptions
configure:9574: arm-none-linux-gnueabihf-gcc -c -g -O2  -fno-rtti -fno-exceptions conftest.c >&5
cc1: warning: command line option '-fno-rtti' is valid for C++/D/ObjC++ but not for C
configure:9578: $? = 0
configure:9591: result: no
configure:9949: checking for arm-none-linux-gnueabihf-gcc option to produce PIC
configure:9956: result: -fPIC -DPIC
configure:9964: checking if arm-none-linux-gnueabihf-gcc PIC flag -fPIC -DPIC works
configure:9982: arm-none-linux-gnueabihf-gcc -c -g -O2  -fPIC -DPIC -DPIC conftest.c >&5
configure:9986: $? = 0
configure:9999: result: yes
configure:10028: checking if arm-none-linux-gnueabihf-gcc static flag -static works
configure:10056: result: yes
configure:10071: checking if arm-none-linux-gnueabihf-gcc supports -c -o file.o
configure:10092: arm-none-linux-gnueabihf-gcc -c -g -O2  -o out/conftest2.o conftest.c >&5
configure:10096: $? = 0
configure:10118: result: yes
configure:10126: checking if arm-none-linux-gnueabihf-gcc supports -c -o file.o
configure:10173: result: yes
configure:10206: checking whether the arm-none-linux-gnueabihf-gcc linker (/home/hcl/mp157_work/tool/arm-none-linux-gnueabihf/gcc-arm-9.2-2019.12-x86_64-arm-none-linux-gnueabihf/arm-none-linux-gnueabihf/bin/ld) supports shared libraries
configure:11465: result: yes
configure:11502: checking whether -lc should be explicitly linked in
configure:11510: arm-none-linux-gnueabihf-gcc -c -g -O2  conftest.c >&5
configure:11513: $? = 0
configure:11528: arm-none-linux-gnueabihf-gcc -shared  -fPIC -DPIC conftest.o  -v -Wl,-soname -Wl,conftest -o conftest 2\>\&1 \| /usr/bin/grep  -lc  \>/dev/null 2\>\&1
configure:11531: $? = 0
configure:11545: result: no
configure:11705: checking dynamic linker characteristics
configure:12286: arm-none-linux-gnueabihf-gcc -o conftest -g -O2   -Wl,-rpath -Wl,/foo conftest.c  >&5
configure:12286: $? = 0
configure:12526: result: GNU/Linux ld.so
configure:12648: checking how to hardcode library paths into programs
configure:12673: result: immediate
configure:13221: checking whether stripping libraries is possible
configure:13226: result: yes
configure:13261: checking if libtool supports shared libraries
configure:13263: result: yes
configure:13266: checking whether to build shared libraries
configure:13291: result: yes
configure:13294: checking whether to build static libraries
configure:13298: result: no
configure:13571: checking for clock_gettime
configure:13571: arm-none-linux-gnueabihf-gcc -o conftest -g -O2   conftest.c  >&5
configure:13571: $? = 0
configure:13571: result: yes
configure:13627: checking for open_memstream
configure:13627: arm-none-linux-gnueabihf-gcc -o conftest -g -O2   conftest.c  >&5
configure:13627: $? = 0
configure:13627: result: yes
configure:13654: checking for supported warning flags
configure:13676: checking whether arm-none-linux-gnueabihf-gcc supports -Wall
configure:13686: arm-none-linux-gnueabihf-gcc -c -g -O2 -Wall  conftest.c >&5
configure:13686: $? = 0
configure:13699: result: yes
configure:13676: checking whether arm-none-linux-gnueabihf-gcc supports -Wextra
configure:13686: arm-none-linux-gnueabihf-gcc -c -g -O2 -Wextra  conftest.c >&5
configure:13686: $? = 0
configure:13699: result: yes
configure:13676: checking whether arm-none-linux-gnueabihf-gcc supports -Wsign-compare
configure:13686: arm-none-linux-gnueabihf-gcc -c -g -O2 -Wsign-compare  conftest.c >&5
configure:13686: $? = 0
configure:13699: result: yes
configure:13676: checking whether arm-none-linux-gnueabihf-gcc supports -Werror-implicit-function-declaration
configure:13686: arm-none-linux-gnueabihf-gcc -c -g -O2 -Werror-implicit-function-declaration  conftest.c >&5
configure:13686: $? = 0
configure:13699: result: yes
configure:13676: checking whether arm-none-linux-gnueabihf-gcc supports -Wpointer-arith
configure:13686: arm-none-linux-gnueabihf-gcc -c -g -O2 -Wpointer-arith  conftest.c >&5
configure:13686: $? = 0
configure:13699: result: yes
configure:13676: checking whether arm-none-linux-gnueabihf-gcc supports -Wwrite-strings
configure:13686: arm-none-linux-gnueabihf-gcc -c -g -O2 -Wwrite-strings  conftest.c >&5
configure:13686: $? = 0
configure:13699: result: yes
configure:13676: checking whether arm-none-linux-gnueabihf-gcc supports -Wstrict-prototypes
configure:13686: arm-none-linux-gnueabihf-gcc -c -g -O2 -Wstrict-prototypes  conftest.c >&5
configure:13686: $? = 0
configure:13699: result: yes
configure:13676: checking whether arm-none-linux-gnueabihf-gcc supports -Wmissing-prototypes
configure:13686: arm-none-linux-gnueabihf-gcc -c -g -O2 -Wmissing-prototypes  conftest.c >&5
configure:13686: $? = 0
configure:13699: result: yes
configure:13676: checking whether arm-none-linux-gnueabihf-gcc supports -Wmissing-declarations
configure:13686: arm-none-linux-gnueabihf-gcc -c -g -O2 -Wmissing-declarations  conftest.c >&5
configure:13686: $? = 0
configure:13699: result: yes
configure:13676: checking whether arm-none-linux-gnueabihf-gcc supports -Wnested-externs
configure:13686: arm-none-linux-gnueabihf-gcc -c -g -O2 -Wnested-externs  conftest.c >&5
configure:13686: $? = 0
configure:13699: result: yes
configure:13676: checking whether arm-none-linux-gnueabihf-gcc supports -Wpacked
configure:13686: arm-none-linux-gnueabihf-gcc -c -g -O2 -Wpacked  conftest.c >&5
configure:13686: $? = 0
configure:13699: result: yes
configure:13676: checking whether arm-none-linux-gnueabihf-gcc supports -Wswitch-enum
configure:13686: arm-none-linux-gnueabihf-gcc -c -g -O2 -Wswitch-enum  conftest.c >&5
configure:13686: $? = 0
configure:13699: result: yes
configure:13676: checking whether arm-none-linux-gnueabihf-gcc supports -Wmissing-format-attribute
configure:13686: arm-none-linux-gnueabihf-gcc -c -g -O2 -Wmissing-format-attribute  conftest.c >&5
configure:13686: $? = 0
configure:13699: result: yes
configure:13676: checking whether arm-none-linux-gnueabihf-gcc supports -Wstrict-aliasing=2
configure:13686: arm-none-linux-gnueabihf-gcc -c -g -O2 -Wstrict-aliasing=2  conftest.c >&5
configure:13686: $? = 0
configure:13699: result: yes
configure:13676: checking whether arm-none-linux-gnueabihf-gcc supports -Winit-self
configure:13686: arm-none-linux-gnueabihf-gcc -c -g -O2 -Winit-self  conftest.c >&5
configure:13686: $? = 0
configure:13699: result: yes
configure:13676: checking whether arm-none-linux-gnueabihf-gcc supports -Wdeclaration-after-statement
configure:13686: arm-none-linux-gnueabihf-gcc -c -g -O2 -Wdeclaration-after-statement  conftest.c >&5
configure:13686: $? = 0
configure:13699: result: yes
configure:13676: checking whether arm-none-linux-gnueabihf-gcc supports -Wold-style-definition
configure:13686: arm-none-linux-gnueabihf-gcc -c -g -O2 -Wold-style-definition  conftest.c >&5
configure:13686: $? = 0
configure:13699: result: yes
configure:13676: checking whether arm-none-linux-gnueabihf-gcc supports -Wno-unused-parameter
configure:13686: arm-none-linux-gnueabihf-gcc -c -g -O2 -Wno-unused-parameter  conftest.c >&5
configure:13686: $? = 0
configure:13699: result: yes
configure:13676: checking whether arm-none-linux-gnueabihf-gcc supports -Wno-attributes
configure:13686: arm-none-linux-gnueabihf-gcc -c -g -O2 -Wno-attributes  conftest.c >&5
configure:13686: $? = 0
configure:13699: result: yes
configure:13676: checking whether arm-none-linux-gnueabihf-gcc supports -Wno-long-long
configure:13686: arm-none-linux-gnueabihf-gcc -c -g -O2 -Wno-long-long  conftest.c >&5
configure:13686: $? = 0
configure:13699: result: yes
configure:13676: checking whether arm-none-linux-gnueabihf-gcc supports -Winline
configure:13686: arm-none-linux-gnueabihf-gcc -c -g -O2 -Winline  conftest.c >&5
configure:13686: $? = 0
configure:13699: result: yes
configure:13676: checking whether arm-none-linux-gnueabihf-gcc supports -Wshadow
configure:13686: arm-none-linux-gnueabihf-gcc -c -g -O2 -Wshadow  conftest.c >&5
configure:13686: $? = 0
configure:13699: result: yes
configure:13676: checking whether arm-none-linux-gnueabihf-gcc supports -Wno-missing-field-initializers
configure:13686: arm-none-linux-gnueabihf-gcc -c -g -O2 -Wno-missing-field-initializers  conftest.c >&5
configure:13686: $? = 0
configure:13699: result: yes
configure:13707: checking which warning flags were supported
configure:13710: result:  -Wall -Wextra -Wsign-compare -Werror-implicit-function-declaration -Wpointer-arith -Wwrite-strings -Wstrict-prototypes -Wmissing-prototypes -Wmissing-declarations -Wnested-externs -Wpacked -Wswitch-enum -Wmissing-format-attribute -Wstrict-aliasing=2 -Winit-self -Wdeclaration-after-statement -Wold-style-definition -Wno-unused-parameter -Wno-attributes -Wno-long-long -Winline -Wshadow -Wno-missing-field-initializers
configure:13715: checking for native atomic primitives
configure:13737: arm-none-linux-gnueabihf-gcc -o conftest -g -O2   conftest.c  >&5
configure:13737: $? = 0
configure:13762: result: Intel
configure:14131: checking for CUNIT
configure:14138: $PKG_CONFIG --exists --print-errors "cunit >= 2.1"
Package cunit was not found in the pkg-config search path.
Perhaps you should add the directory containing `cunit.pc'
to the PKG_CONFIG_PATH environment variable
No package 'cunit' found
configure:14141: $? = 1
configure:14155: $PKG_CONFIG --exists --print-errors "cunit >= 2.1"
Package cunit was not found in the pkg-config search path.
Perhaps you should add the directory containing `cunit.pc'
to the PKG_CONFIG_PATH environment variable
No package 'cunit' found
configure:14158: $? = 1
configure:14172: result: no
No package 'cunit' found
configure:14204: checking for CU_initialize_registry in -lcunit
configure:14229: arm-none-linux-gnueabihf-gcc -o conftest -g -O2   conftest.c -lcunit   >&5
/home/hcl/mp157_work/tool/arm-none-linux-gnueabihf/gcc-arm-9.2-2019.12-x86_64-arm-none-linux-gnueabihf/bin/../lib/gcc/arm-none-linux-gnueabihf/9.2.1/../../../../arm-none-linux-gnueabihf/bin/ld: cannot find -lcunit
collect2: error: ld returned 1 exit status
configure:14229: $? = 1
configure: failed program was:
| /* confdefs.h */
| #define PACKAGE_NAME "libdrm"
| #define PACKAGE_TARNAME "libdrm"
| #define PACKAGE_VERSION "2.4.89"
| #define PACKAGE_STRING "libdrm 2.4.89"
| #define PACKAGE_BUGREPORT "https://bugs.freedesktop.org/enter_bug.cgi?product=DRI"
| #define PACKAGE_URL ""
| #define PACKAGE "libdrm"
| #define VERSION "2.4.89"
| #define STDC_HEADERS 1
| #define HAVE_SYS_TYPES_H 1
| #define HAVE_SYS_STAT_H 1
| #define HAVE_STDLIB_H 1
| #define HAVE_STRING_H 1
| #define HAVE_MEMORY_H 1
| #define HAVE_STRINGS_H 1
| #define HAVE_INTTYPES_H 1
| #define HAVE_STDINT_H 1
| #define HAVE_UNISTD_H 1
| #define __EXTENSIONS__ 1
| #define _ALL_SOURCE 1
| #define _GNU_SOURCE 1
| #define _POSIX_PTHREAD_SEMANTICS 1
| #define _TANDEM_SOURCE 1
| #define _FILE_OFFSET_BITS 64
| #define HAVE_ALLOCA_H 1
| #define HAVE_ALLOCA 1
| #define MAJOR_IN_SYSMACROS 1
| #define HAVE_SYS_SYSCTL_H 1
| #define HAVE_SYS_SELECT_H 1
| #define HAVE_DLFCN_H 1
| #define LT_OBJDIR ".libs/"
| #define HAVE_CLOCK_GETTIME 1
| #define HAVE_OPEN_MEMSTREAM 1
| #define HAVE_LIBDRM_ATOMIC_PRIMITIVES 1
| #define HAVE_VMWGFX 1
| #define HAVE_NOUVEAU 1
| #define HAVE_FREEDRENO 1
| #define HAVE_RADEON 1
| /* end confdefs.h.  */
| 
| /* Override any GCC internal prototype to avoid an error.
|    Use char because int might match the return type of a GCC
|    builtin and then its argument prototype would still apply.  */
| #ifdef __cplusplus
| extern "C"
| #endif
| char CU_initialize_registry ();
| int
| main ()
| {
| return CU_initialize_registry ();
|   ;
|   return 0;
| }
configure:14238: result: no
configure:14283: WARNING: Could not find cunit library. Disabling amdgpu tests
configure:14354: checking for CAIRO
configure:14361: $PKG_CONFIG --exists --print-errors "cairo"
Package cairo was not found in the pkg-config search path.
Perhaps you should add the directory containing `cairo.pc'
to the PKG_CONFIG_PATH environment variable
No package 'cairo' found
configure:14364: $? = 1
configure:14378: $PKG_CONFIG --exists --print-errors "cairo"
Package cairo was not found in the pkg-config search path.
Perhaps you should add the directory containing `cairo.pc'
to the PKG_CONFIG_PATH environment variable
No package 'cairo' found
configure:14381: $? = 1
configure:14395: result: no
No package 'cairo' found
configure:14424: checking whether to enable Cairo tests
configure:14437: result: no
configure:14466: checking for docbook manpages stylesheet
configure:14501: result: no
configure:14523: checking for VALGRIND
configure:14530: $PKG_CONFIG --exists --print-errors "valgrind"
Package valgrind was not found in the pkg-config search path.
Perhaps you should add the directory containing `valgrind.pc'
to the PKG_CONFIG_PATH environment variable
No package 'valgrind' found
configure:14533: $? = 1
configure:14547: $PKG_CONFIG --exists --print-errors "valgrind"
Package valgrind was not found in the pkg-config search path.
Perhaps you should add the directory containing `valgrind.pc'
to the PKG_CONFIG_PATH environment variable
No package 'valgrind' found
configure:14550: $? = 1
configure:14564: result: no
No package 'valgrind' found
configure:14593: checking whether to enable Valgrind support
configure:14608: result: no
configure:14619: checking whether arm-none-linux-gnueabihf-gcc supports __attribute__(("hidden"))
configure:14634: arm-none-linux-gnueabihf-gcc -o conftest -g -O2   conftest.c  >&5
configure:14634: $? = 0
configure:14635: result: yes
configure:14766: checking that generated files are newer than configure
configure:14772: result: done
configure:14867: creating ./config.status

## ---------------------- ##
## Running config.status. ##
## ---------------------- ##

This file was extended by libdrm config.status 2.4.89, which was
generated by GNU Autoconf 2.69.  Invocation command line was

  CONFIG_FILES    = 
  CONFIG_HEADERS  = 
  CONFIG_LINKS    = 
  CONFIG_COMMANDS = 
  $ ./config.status 

on hcl-virtual-machine

config.status:1222: creating Makefile
config.status:1222: creating data/Makefile
config.status:1222: creating libkms/Makefile
config.status:1222: creating libkms/libkms.pc
config.status:1222: creating intel/Makefile
config.status:1222: creating intel/libdrm_intel.pc
config.status:1222: creating radeon/Makefile
config.status:1222: creating radeon/libdrm_radeon.pc
config.status:1222: creating amdgpu/Makefile
config.status:1222: creating amdgpu/libdrm_amdgpu.pc
config.status:1222: creating nouveau/Makefile
config.status:1222: creating nouveau/libdrm_nouveau.pc
config.status:1222: creating omap/Makefile
config.status:1222: creating omap/libdrm_omap.pc
config.status:1222: creating exynos/Makefile
config.status:1222: creating exynos/libdrm_exynos.pc
config.status:1222: creating freedreno/Makefile
config.status:1222: creating freedreno/libdrm_freedreno.pc
config.status:1222: creating tegra/Makefile
config.status:1222: creating tegra/libdrm_tegra.pc
config.status:1222: creating vc4/Makefile
config.status:1222: creating vc4/libdrm_vc4.pc
config.status:1222: creating etnaviv/Makefile
config.status:1222: creating etnaviv/libdrm_etnaviv.pc
config.status:1222: creating tests/Makefile
config.status:1222: creating tests/modeprint/Makefile
config.status:1222: creating tests/modetest/Makefile
config.status:1222: creating tests/kms/Makefile
config.status:1222: creating tests/kmstest/Makefile
config.status:1222: creating tests/proptest/Makefile
config.status:1222: creating tests/radeon/Makefile
config.status:1222: creating tests/amdgpu/Makefile
config.status:1222: creating tests/vbltest/Makefile
config.status:1222: creating tests/exynos/Makefile
config.status:1222: creating tests/tegra/Makefile
config.status:1222: creating tests/nouveau/Makefile
config.status:1222: creating tests/etnaviv/Makefile
config.status:1222: creating tests/util/Makefile
config.status:1222: creating man/Makefile
config.status:1222: creating libdrm.pc
config.status:1222: creating config.h
config.status:1403: config.h is unchanged
config.status:1451: executing depfiles commands
config.status:1451: executing libtool commands

## ---------------- ##
## Cache variables. ##
## ---------------- ##

ac_cv_build=x86_64-unknown-linux-gnu
ac_cv_c_compiler_gnu=yes
ac_cv_env_CAIRO_CFLAGS_set=
ac_cv_env_CAIRO_CFLAGS_value=
ac_cv_env_CAIRO_LIBS_set=
ac_cv_env_CAIRO_LIBS_value=
ac_cv_env_CC_set=
ac_cv_env_CC_value=
ac_cv_env_CFLAGS_set=
ac_cv_env_CFLAGS_value=
ac_cv_env_CPPFLAGS_set=
ac_cv_env_CPPFLAGS_value=
ac_cv_env_CPP_set=
ac_cv_env_CPP_value=
ac_cv_env_CUNIT_CFLAGS_set=
ac_cv_env_CUNIT_CFLAGS_value=
ac_cv_env_CUNIT_LIBS_set=
ac_cv_env_CUNIT_LIBS_value=
ac_cv_env_LDFLAGS_set=
ac_cv_env_LDFLAGS_value=
ac_cv_env_LIBS_set=
ac_cv_env_LIBS_value=
ac_cv_env_LT_SYS_LIBRARY_PATH_set=
ac_cv_env_LT_SYS_LIBRARY_PATH_value=
ac_cv_env_PCIACCESS_CFLAGS_set=
ac_cv_env_PCIACCESS_CFLAGS_value=
ac_cv_env_PCIACCESS_LIBS_set=
ac_cv_env_PCIACCESS_LIBS_value=
ac_cv_env_PKG_CONFIG_LIBDIR_set=
ac_cv_env_PKG_CONFIG_LIBDIR_value=
ac_cv_env_PKG_CONFIG_PATH_set=
ac_cv_env_PKG_CONFIG_PATH_value=
ac_cv_env_PKG_CONFIG_set=
ac_cv_env_PKG_CONFIG_value=
ac_cv_env_PTHREADSTUBS_CFLAGS_set=
ac_cv_env_PTHREADSTUBS_CFLAGS_value=
ac_cv_env_PTHREADSTUBS_LIBS_set=
ac_cv_env_PTHREADSTUBS_LIBS_value=
ac_cv_env_VALGRIND_CFLAGS_set=
ac_cv_env_VALGRIND_CFLAGS_value=
ac_cv_env_VALGRIND_LIBS_set=
ac_cv_env_VALGRIND_LIBS_value=
ac_cv_env_XSLTPROC_set=
ac_cv_env_XSLTPROC_value=
ac_cv_env_build_alias_set=
ac_cv_env_build_alias_value=
ac_cv_env_host_alias_set=set
ac_cv_env_host_alias_value=arm-none-linux-gnueabihf
ac_cv_env_target_alias_set=
ac_cv_env_target_alias_value=
ac_cv_func_alloca_works=yes
ac_cv_func_clock_gettime=yes
ac_cv_func_open_memstream=yes
ac_cv_header_dlfcn_h=yes
ac_cv_header_inttypes_h=yes
ac_cv_header_memory_h=yes
ac_cv_header_minix_config_h=no
ac_cv_header_stdc=yes
ac_cv_header_stdint_h=yes
ac_cv_header_stdlib_h=yes
ac_cv_header_string_h=yes
ac_cv_header_strings_h=yes
ac_cv_header_sys_mkdev_h=no
ac_cv_header_sys_select_h=yes
ac_cv_header_sys_stat_h=yes
ac_cv_header_sys_sysctl_h=yes
ac_cv_header_sys_sysmacros_h=yes
ac_cv_header_sys_types_h=yes
ac_cv_header_sys_types_h_makedev=no
ac_cv_header_unistd_h=yes
ac_cv_host=arm-none-linux-gnueabihf
ac_cv_lib_cunit_CU_initialize_registry=no
ac_cv_objext=o
ac_cv_path_EGREP='/usr/bin/grep -E'
ac_cv_path_FGREP='/usr/bin/grep -F'
ac_cv_path_GREP=/usr/bin/grep
ac_cv_path_SED=/usr/bin/sed
ac_cv_path_ac_pt_PKG_CONFIG=/usr/bin/pkg-config
ac_cv_path_install='/usr/bin/install -c'
ac_cv_path_lt_DD=/usr/bin/dd
ac_cv_path_mkdir=/usr/bin/mkdir
ac_cv_prog_AR=arm-none-linux-gnueabihf-ar
ac_cv_prog_AWK=mawk
ac_cv_prog_CC=arm-none-linux-gnueabihf-gcc
ac_cv_prog_CPP='arm-none-linux-gnueabihf-gcc -E'
ac_cv_prog_OBJDUMP=arm-none-linux-gnueabihf-objdump
ac_cv_prog_RANLIB=arm-none-linux-gnueabihf-ranlib
ac_cv_prog_STRIP=arm-none-linux-gnueabihf-strip
ac_cv_prog_ac_ct_MANIFEST_TOOL=mt
ac_cv_prog_cc_c89=
ac_cv_prog_cc_c99=
ac_cv_prog_cc_g=yes
ac_cv_prog_make_make_set=yes
ac_cv_safe_to_define___extensions__=yes
ac_cv_sys_file_offset_bits=64
ac_cv_sys_largefile_CC=no
ac_cv_type_size_t=yes
ac_cv_working_alloca_h=yes
am_cv_CC_dependencies_compiler_type=gcc3
am_cv_make_support_nested_variables=yes
am_cv_prog_cc_c_o=yes
drm_cv_atomic_primitives=Intel
libdrm_cv_warn_cflags=' -Wall -Wextra -Wsign-compare -Werror-implicit-function-declaration -Wpointer-arith -Wwrite-strings -Wstrict-prototypes -Wmissing-prototypes -Wmissing-declarations -Wnested-externs -Wpacked -Wswitch-enum -Wmissing-format-attribute -Wstrict-aliasing=2 -Winit-self -Wdeclaration-after-statement -Wold-style-definition -Wno-unused-parameter -Wno-attributes -Wno-long-long -Winline -Wshadow -Wno-missing-field-initializers'
libdrm_cv_warn_maybe='-Wall -Wextra -Wsign-compare -Werror-implicit-function-declaration -Wpointer-arith -Wwrite-strings -Wstrict-prototypes -Wmissing-prototypes -Wmissing-declarations -Wnested-externs -Wpacked -Wswitch-enum -Wmissing-format-attribute -Wstrict-aliasing=2 -Winit-self -Wdeclaration-after-statement -Wold-style-definition -Wno-unused-parameter -Wno-attributes -Wno-long-long -Winline -Wshadow -Wno-missing-field-initializers'
lt_cv_ar_at_file=@
lt_cv_archive_cmds_need_lc=no
lt_cv_deplibs_check_method=pass_all
lt_cv_file_magic_cmd='$MAGIC_CMD'
lt_cv_file_magic_test_file=
lt_cv_ld_reload_flag=-r
lt_cv_nm_interface='BSD nm'
lt_cv_objdir=.libs
lt_cv_path_LD=/home/hcl/mp157_work/tool/arm-none-linux-gnueabihf/gcc-arm-9.2-2019.12-x86_64-arm-none-linux-gnueabihf/arm-none-linux-gnueabihf/bin/ld
lt_cv_path_NM='/home/hcl/mp157_work/tool/arm-none-linux-gnueabihf/gcc-arm-9.2-2019.12-x86_64-arm-none-linux-gnueabihf/bin/arm-none-linux-gnueabihf-nm -B'
lt_cv_path_mainfest_tool=no
lt_cv_prog_compiler_c_o=yes
lt_cv_prog_compiler_pic='-fPIC -DPIC'
lt_cv_prog_compiler_pic_works=yes
lt_cv_prog_compiler_rtti_exceptions=no
lt_cv_prog_compiler_static_works=yes
lt_cv_prog_gnu_ld=yes
lt_cv_sharedlib_from_linklib_cmd='printf %s\n'
lt_cv_shlibpath_overrides_runpath=no
lt_cv_sys_global_symbol_pipe='sed -n -e '\''s/^.*[	 ]\([ABCDGIRSTW][ABCDGIRSTW]*\)[	 ][	 ]*\([_A-Za-z][_A-Za-z0-9]*\)$/\1 \2 \2/p'\'' | sed '\''/ __gnu_lto/d'\'''
lt_cv_sys_global_symbol_to_c_name_address='sed -n -e '\''s/^: \(.*\) .*$/  {"\1", (void *) 0},/p'\'' -e '\''s/^[ABCDGIRSTW][ABCDGIRSTW]* .* \(.*\)$/  {"\1", (void *) \&\1},/p'\'''
lt_cv_sys_global_symbol_to_c_name_address_lib_prefix='sed -n -e '\''s/^: \(.*\) .*$/  {"\1", (void *) 0},/p'\'' -e '\''s/^[ABCDGIRSTW][ABCDGIRSTW]* .* \(lib.*\)$/  {"\1", (void *) \&\1},/p'\'' -e '\''s/^[ABCDGIRSTW][ABCDGIRSTW]* .* \(.*\)$/  {"lib\1", (void *) \&\1},/p'\'''
lt_cv_sys_global_symbol_to_cdecl='sed -n -e '\''s/^T .* \(.*\)$/extern int \1();/p'\'' -e '\''s/^[ABCDGIRSTW][ABCDGIRSTW]* .* \(.*\)$/extern char \1;/p'\'''
lt_cv_sys_global_symbol_to_import=
lt_cv_sys_max_cmd_len=1572864
lt_cv_to_host_file_cmd=func_convert_file_noop
lt_cv_to_tool_file_cmd=func_convert_file_noop
lt_cv_truncate_bin='/usr/bin/dd bs=4096 count=1'

## ----------------- ##
## Output variables. ##
## ----------------- ##

ACLOCAL='${SHELL} /home/hcl/6_mp157_git/mp157/tool/libdrm-2.4.89/build-aux/missing aclocal-1.15'
ADMIN_MAN_DIR='$(mandir)/man$(ADMIN_MAN_SUFFIX)'
ADMIN_MAN_SUFFIX='8'
ALLOCA=''
AMDEPBACKSLASH='\'
AMDEP_FALSE='#'
AMDEP_TRUE=''
AMTAR='$${TAR-tar}'
AM_BACKSLASH='\'
AM_DEFAULT_V='$(AM_DEFAULT_VERBOSITY)'
AM_DEFAULT_VERBOSITY='0'
AM_V='$(V)'
APP_MAN_DIR='$(mandir)/man$(APP_MAN_SUFFIX)'
APP_MAN_SUFFIX='1'
AR='arm-none-linux-gnueabihf-ar'
AUTOCONF='${SHELL} /home/hcl/6_mp157_git/mp157/tool/libdrm-2.4.89/build-aux/missing autoconf'
AUTOHEADER='${SHELL} /home/hcl/6_mp157_git/mp157/tool/libdrm-2.4.89/build-aux/missing autoheader'
AUTOMAKE='${SHELL} /home/hcl/6_mp157_git/mp157/tool/libdrm-2.4.89/build-aux/missing automake-1.15'
AWK='mawk'
BUILD_MANPAGES_FALSE=''
BUILD_MANPAGES_TRUE='#'
CAIRO_CFLAGS=''
CAIRO_LIBS=''
CC='arm-none-linux-gnueabihf-gcc'
CCDEPMODE='depmode=gcc3'
CFLAGS='-g -O2'
CLOCK_LIB=''
CPP='arm-none-linux-gnueabihf-gcc -E'
CPPFLAGS=''
CUNIT_CFLAGS=''
CUNIT_LIBS=''
CYGPATH_W='echo'
DEFS='-DHAVE_CONFIG_H'
DEPDIR='.deps'
DLLTOOL='false'
DRIVER_MAN_DIR='$(mandir)/man$(DRIVER_MAN_SUFFIX)'
DRIVER_MAN_SUFFIX='4'
DSYMUTIL=''
DUMPBIN=''
ECHO_C=''
ECHO_N='-n'
ECHO_T=''
EGREP='/usr/bin/grep -E'
EXEEXT=''
FGREP='/usr/bin/grep -F'
FILE_MAN_DIR='$(mandir)/man$(FILE_MAN_SUFFIX)'
FILE_MAN_SUFFIX='5'
GREP='/usr/bin/grep'
HAVE_AMDGPU_FALSE='#'
HAVE_AMDGPU_TRUE=''
HAVE_CAIRO_FALSE=''
HAVE_CAIRO_TRUE='#'
HAVE_CUNIT_FALSE=''
HAVE_CUNIT_TRUE='#'
HAVE_ETNAVIV_FALSE=''
HAVE_ETNAVIV_TRUE='#'
HAVE_EXYNOS_FALSE=''
HAVE_EXYNOS_TRUE='#'
HAVE_FREEDRENO_FALSE='#'
HAVE_FREEDRENO_KGSL_FALSE=''
HAVE_FREEDRENO_KGSL_TRUE='#'
HAVE_FREEDRENO_TRUE=''
HAVE_INSTALL_TESTS_FALSE=''
HAVE_INSTALL_TESTS_TRUE='#'
HAVE_INTEL_FALSE=''
HAVE_INTEL_TRUE='#'
HAVE_LIBKMS_FALSE='#'
HAVE_LIBKMS_TRUE=''
HAVE_MANPAGES_STYLESHEET_FALSE=''
HAVE_MANPAGES_STYLESHEET_TRUE='#'
HAVE_NOUVEAU_FALSE='#'
HAVE_NOUVEAU_TRUE=''
HAVE_OMAP_FALSE=''
HAVE_OMAP_TRUE='#'
HAVE_RADEON_FALSE='#'
HAVE_RADEON_TRUE=''
HAVE_TEGRA_FALSE=''
HAVE_TEGRA_TRUE='#'
HAVE_VC4_FALSE='#'
HAVE_VC4_TRUE=''
HAVE_VMWGFX_FALSE='#'
HAVE_VMWGFX_TRUE=''
HAVE_XSLTPROC_FALSE=''
HAVE_XSLTPROC_TRUE='#'
INSTALL_DATA='${INSTALL} -m 644'
INSTALL_PROGRAM='${INSTALL}'
INSTALL_SCRIPT='${INSTALL}'
INSTALL_STRIP_PROGRAM='$(install_sh) -c -s'
LD='/home/hcl/mp157_work/tool/arm-none-linux-gnueabihf/gcc-arm-9.2-2019.12-x86_64-arm-none-linux-gnueabihf/arm-none-linux-gnueabihf/bin/ld'
LDFLAGS=''
LIBOBJS=''
LIBS=''
LIBTOOL='$(SHELL) $(top_builddir)/libtool'
LIB_MAN_DIR='$(mandir)/man$(LIB_MAN_SUFFIX)'
LIB_MAN_SUFFIX='3'
LIPO=''
LN_S='ln -s'
LTLIBOBJS=''
LT_SYS_LIBRARY_PATH=''
MAKEINFO='${SHELL} /home/hcl/6_mp157_git/mp157/tool/libdrm-2.4.89/build-aux/missing makeinfo'
MANIFEST_TOOL=':'
MANPAGES_STYLESHEET='http://docbook.sourceforge.net/release/xsl/current/manpages/docbook.xsl'
MAN_SUBSTS='	-e '\''s|__vendorversion__|"$(PACKAGE_STRING)" "$(XORG_MAN_PAGE)"|'\'' 	-e '\''s|__xorgversion__|"$(PACKAGE_STRING)" "$(XORG_MAN_PAGE)"|'\'' 	-e '\''s|__xservername__|Xorg|g'\'' 	-e '\''s|__xconfigfile__|xorg.conf|g'\'' 	-e '\''s|__projectroot__|$(prefix)|g'\'' 	-e '\''s|__apploaddir__|$(appdefaultdir)|g'\'' 	-e '\''s|__appmansuffix__|$(APP_MAN_SUFFIX)|g'\'' 	-e '\''s|__drivermansuffix__|$(DRIVER_MAN_SUFFIX)|g'\'' 	-e '\''s|__adminmansuffix__|$(ADMIN_MAN_SUFFIX)|g'\'' 	-e '\''s|__libmansuffix__|$(LIB_MAN_SUFFIX)|g'\'' 	-e '\''s|__miscmansuffix__|$(MISC_MAN_SUFFIX)|g'\'' 	-e '\''s|__filemansuffix__|$(FILE_MAN_SUFFIX)|g'\'''
MISC_MAN_DIR='$(mandir)/man$(MISC_MAN_SUFFIX)'
MISC_MAN_SUFFIX='7'
MKDIR_P='/usr/bin/mkdir -p'
NM='/home/hcl/mp157_work/tool/arm-none-linux-gnueabihf/gcc-arm-9.2-2019.12-x86_64-arm-none-linux-gnueabihf/bin/arm-none-linux-gnueabihf-nm -B'
NMEDIT=''
OBJDUMP='arm-none-linux-gnueabihf-objdump'
OBJEXT='o'
OTOOL64=''
OTOOL=''
PACKAGE='libdrm'
PACKAGE_BUGREPORT='https://bugs.freedesktop.org/enter_bug.cgi?product=DRI'
PACKAGE_NAME='libdrm'
PACKAGE_STRING='libdrm 2.4.89'
PACKAGE_TARNAME='libdrm'
PACKAGE_URL=''
PACKAGE_VERSION='2.4.89'
PATH_SEPARATOR=':'
PCIACCESS_CFLAGS=''
PCIACCESS_LIBS=''
PKG_CONFIG='/usr/bin/pkg-config'
PKG_CONFIG_LIBDIR=''
PKG_CONFIG_PATH=''
PTHREADSTUBS_CFLAGS=''
PTHREADSTUBS_LIBS=''
RANLIB='arm-none-linux-gnueabihf-ranlib'
SED='/usr/bin/sed'
SET_MAKE=''
SHELL='/bin/bash'
STRIP='arm-none-linux-gnueabihf-strip'
VALGRIND_CFLAGS=''
VALGRIND_LIBS=''
VERSION='2.4.89'
WARN_CFLAGS=' -Wall -Wextra -Wsign-compare -Werror-implicit-function-declaration -Wpointer-arith -Wwrite-strings -Wstrict-prototypes -Wmissing-prototypes -Wmissing-declarations -Wnested-externs -Wpacked -Wswitch-enum -Wmissing-format-attribute -Wstrict-aliasing=2 -Winit-self -Wdeclaration-after-statement -Wold-style-definition -Wno-unused-parameter -Wno-attributes -Wno-long-long -Winline -Wshadow -Wno-missing-field-initializers'
XORG_MAN_PAGE='X Version 11'
XSLTPROC=''
ac_ct_AR=''
ac_ct_CC=''
ac_ct_DUMPBIN=''
am__EXEEXT_FALSE=''
am__EXEEXT_TRUE='#'
am__fastdepCC_FALSE='#'
am__fastdepCC_TRUE=''
am__include='include'
am__isrc=''
am__leading_dot='.'
am__nodep='_no'
am__quote=''
am__tar='$${TAR-tar} chof - "$$tardir"'
am__untar='$${TAR-tar} xf -'
bindir='${exec_prefix}/bin'
build='x86_64-unknown-linux-gnu'
build_alias=''
build_cpu='x86_64'
build_os='linux-gnu'
build_vendor='unknown'
datadir='${datarootdir}'
datarootdir='${prefix}/share'
docdir='${datarootdir}/doc/${PACKAGE_TARNAME}'
dvidir='${docdir}'
exec_prefix='${prefix}'
host='arm-none-linux-gnueabihf'
host_alias='arm-none-linux-gnueabihf'
host_cpu='arm'
host_os='linux-gnueabihf'
host_vendor='none'
htmldir='${docdir}'
includedir='${prefix}/include'
infodir='${datarootdir}/info'
install_sh='${SHELL} /home/hcl/6_mp157_git/mp157/tool/libdrm-2.4.89/build-aux/install-sh'
kernel_source=''
libdir='${exec_prefix}/lib'
libdrmdatadir='${datarootdir}/libdrm'
libexecdir='${exec_prefix}/libexec'
localedir='${datarootdir}/locale'
localstatedir='${prefix}/var'
mandir='${datarootdir}/man'
mkdir_p='$(MKDIR_P)'
oldincludedir='/usr/include'
pdfdir='${docdir}'
pkgconfigdir='${exec_prefix}/lib/pkgconfig'
prefix='/home/hcl/6_mp157_git/mp157/tool/libdrm-2.4.89/_install'
program_transform_name='s,x,x,'
psdir='${docdir}'
sbindir='${exec_prefix}/sbin'
sharedstatedir='${prefix}/com'
sysconfdir='${prefix}/etc'
target_alias=''

## ----------- ##
## confdefs.h. ##
## ----------- ##

/* confdefs.h */
#define PACKAGE_NAME "libdrm"
#define PACKAGE_TARNAME "libdrm"
#define PACKAGE_VERSION "2.4.89"
#define PACKAGE_STRING "libdrm 2.4.89"
#define PACKAGE_BUGREPORT "https://bugs.freedesktop.org/enter_bug.cgi?product=DRI"
#define PACKAGE_URL ""
#define PACKAGE "libdrm"
#define VERSION "2.4.89"
#define STDC_HEADERS 1
#define HAVE_SYS_TYPES_H 1
#define HAVE_SYS_STAT_H 1
#define HAVE_STDLIB_H 1
#define HAVE_STRING_H 1
#define HAVE_MEMORY_H 1
#define HAVE_STRINGS_H 1
#define HAVE_INTTYPES_H 1
#define HAVE_STDINT_H 1
#define HAVE_UNISTD_H 1
#define __EXTENSIONS__ 1
#define _ALL_SOURCE 1
#define _GNU_SOURCE 1
#define _POSIX_PTHREAD_SEMANTICS 1
#define _TANDEM_SOURCE 1
#define _FILE_OFFSET_BITS 64
#define HAVE_ALLOCA_H 1
#define HAVE_ALLOCA 1
#define MAJOR_IN_SYSMACROS 1
#define HAVE_SYS_SYSCTL_H 1
#define HAVE_SYS_SELECT_H 1
#define HAVE_DLFCN_H 1
#define LT_OBJDIR ".libs/"
#define HAVE_CLOCK_GETTIME 1
#define HAVE_OPEN_MEMSTREAM 1
#define HAVE_LIBDRM_ATOMIC_PRIMITIVES 1
#define HAVE_VMWGFX 1
#define HAVE_NOUVEAU 1
#define HAVE_FREEDRENO 1
#define HAVE_RADEON 1
#define HAVE_AMDGPU 1
#define HAVE_CUNIT test "x$have_cunit" != "xno"
#define HAVE_VC4 1
#define HAVE_VISIBILITY 1

configure: exit 0
